c:\microsoft visual studio 2019\projects\visual c++\datenbankzugriffe\debug\vc142.pdb
c:\microsoft visual studio 2019\projects\visual c++\datenbankzugriffe\debug\.netframework,version=v4.7.2.assemblyattributes.obj
c:\microsoft visual studio 2019\projects\visual c++\datenbankzugriffe\debug\.netframework,version=v4.7.2.assemblyattributes.asm
c:\microsoft visual studio 2019\projects\visual c++\datenbankzugriffe\debug\datenbankzugriffe.formmain.resources
c:\microsoft visual studio 2019\projects\visual c++\datenbankzugriffe\debug\datenbankzugriffe.exe
c:\microsoft visual studio 2019\projects\visual c++\datenbankzugriffe\debug\datenbankzugriffe.pdb
c:\microsoft visual studio 2019\projects\visual c++\datenbankzugriffe\debug\datenbankzugriffe.vcxproj.generateresource.cache
c:\microsoft visual studio 2019\projects\visual c++\datenbankzugriffe\debug\datenbankzugriffe.vcxprojassemblyreference.cache
c:\microsoft visual studio 2019\projects\visual c++\datenbankzugriffe\debug\adolib.pdb
c:\microsoft visual studio 2019\projects\visual c++\datenbankzugriffe\debug\adolib.dll.metagen
c:\microsoft visual studio 2019\projects\visual c++\datenbankzugriffe\debug\datenbankzugriffe.exe.metagen
c:\microsoft visual studio 2019\projects\visual c++\datenbankzugriffe\debug\datenban.d09367ed.tlog\cl.command.1.tlog
c:\microsoft visual studio 2019\projects\visual c++\datenbankzugriffe\debug\datenban.d09367ed.tlog\cl.read.1.tlog
c:\microsoft visual studio 2019\projects\visual c++\datenbankzugriffe\debug\datenban.d09367ed.tlog\cl.write.1.tlog
c:\microsoft visual studio 2019\projects\visual c++\datenbankzugriffe\debug\datenban.d09367ed.tlog\datenbankzugriffe.write.1u.tlog
c:\microsoft visual studio 2019\projects\visual c++\datenbankzugriffe\debug\datenban.d09367ed.tlog\link.command.1.tlog
c:\microsoft visual studio 2019\projects\visual c++\datenbankzugriffe\debug\datenban.d09367ed.tlog\link.read.1.tlog
c:\microsoft visual studio 2019\projects\visual c++\datenbankzugriffe\debug\datenban.d09367ed.tlog\link.write.1.tlog
c:\microsoft visual studio 2019\projects\visual c++\datenbankzugriffe\debug\datenban.d09367ed.tlog\metagen.read.1.tlog
c:\microsoft visual studio 2019\projects\visual c++\datenbankzugriffe\debug\datenban.d09367ed.tlog\metagen.write.1.tlog
