c:\microsoft visual studio 2019\projects\visual c++\datenbankzugriffe\adolib\debug\adolib.pch
c:\microsoft visual studio 2019\projects\visual c++\datenbankzugriffe\adolib\debug\vc142.pdb
c:\microsoft visual studio 2019\projects\visual c++\datenbankzugriffe\adolib\debug\pch.obj
c:\microsoft visual studio 2019\projects\visual c++\datenbankzugriffe\adolib\debug\postleitzahlenado.obj
c:\microsoft visual studio 2019\projects\visual c++\datenbankzugriffe\adolib\debug\assemblyinfo.obj
c:\microsoft visual studio 2019\projects\visual c++\datenbankzugriffe\adolib\debug\adolib.obj
c:\microsoft visual studio 2019\projects\visual c++\datenbankzugriffe\adolib\debug\.netframework,version=v4.7.2.assemblyattributes.obj
c:\microsoft visual studio 2019\projects\visual c++\datenbankzugriffe\adolib\debug\.netframework,version=v4.7.2.assemblyattributes.asm
c:\microsoft visual studio 2019\projects\visual c++\datenbankzugriffe\debug\adolib.dll
c:\microsoft visual studio 2019\projects\visual c++\datenbankzugriffe\debug\adolib.pdb
c:\microsoft visual studio 2019\projects\visual c++\datenbankzugriffe\adolib\debug\app.res
c:\microsoft visual studio 2019\projects\visual c++\datenbankzugriffe\adolib\debug\adolib.vcxprojassemblyreference.cache
c:\microsoft visual studio 2019\projects\visual c++\datenbankzugriffe\adolib\debug\adolib.tlog\cl.command.1.tlog
c:\microsoft visual studio 2019\projects\visual c++\datenbankzugriffe\adolib\debug\adolib.tlog\cl.read.1.tlog
c:\microsoft visual studio 2019\projects\visual c++\datenbankzugriffe\adolib\debug\adolib.tlog\cl.write.1.tlog
c:\microsoft visual studio 2019\projects\visual c++\datenbankzugriffe\adolib\debug\adolib.tlog\link.command.1.tlog
c:\microsoft visual studio 2019\projects\visual c++\datenbankzugriffe\adolib\debug\adolib.tlog\link.read.1.tlog
c:\microsoft visual studio 2019\projects\visual c++\datenbankzugriffe\adolib\debug\adolib.tlog\link.write.1.tlog
c:\microsoft visual studio 2019\projects\visual c++\datenbankzugriffe\adolib\debug\adolib.tlog\metagen.read.1.tlog
c:\microsoft visual studio 2019\projects\visual c++\datenbankzugriffe\adolib\debug\adolib.tlog\metagen.write.1.tlog
c:\microsoft visual studio 2019\projects\visual c++\datenbankzugriffe\adolib\debug\adolib.tlog\rc.command.1.tlog
c:\microsoft visual studio 2019\projects\visual c++\datenbankzugriffe\adolib\debug\adolib.tlog\rc.read.1.tlog
c:\microsoft visual studio 2019\projects\visual c++\datenbankzugriffe\adolib\debug\adolib.tlog\rc.write.1.tlog
